<?xml version="1.0" encoding="UTF-8"?>
<!-- Generated by org.testng.reporters.JUnitReportReporter -->
<testsuite hostname="LAPTOP-3MIVE1H6" failures="0" tests="2" name="com.api.automation.apidemoproject.SoapTest" time="0.629" errors="0" timestamp="11 Apr 2023 17:48:59 GMT">
  <testcase classname="com.api.automation.apidemoproject.SoapTest" name="calculator_Multiplication" time="0.376"/>
  <testcase classname="com.api.automation.apidemoproject.SoapTest" name="numberConversion" time="0.253"/>
</testsuite>
